22:39:28 **** Incremental Build of configuration Nios II for project timer ****
wsl make all 
Info: Building /mnt/c/Users/ranma/Documents/GitHub/CE4303-Tarea-1/software/timer_bsp/
make --no-print-directory -C /mnt/c/Users/ranma/Documents/GitHub/CE4303-Tarea-1/software/timer_bsp/
[BSP build complete]
Info: Compiling hello_world_small.c to obj/default/hello_world_small.o
nios2-elf-gcc.exe -xc -MP -MMD -c -Ic:/Users/ranma/Documents/GitHub/CE4303-Tarea-1/software/timer_bsp//HAL/inc -Ic:/Users/ranma/Documents/GitHub/CE4303-Tarea-1/software/timer_bsp/ -Ic:/Users/ranma/Documents/GitHub/CE4303-Tarea-1/software/timer_bsp//drivers/inc -pipe -D__hal__ -DALT_NO_C_PLUS_PLUS -DALT_NO_CLEAN_EXIT -D'exit(a)=_exit(a)' -DALT_NO_EXIT -DALT_USE_DIRECT_DRIVERS -DALT_NO_INSTRUCTION_EMULATION -DALT_USE_SMALL_DRIVERS -DSMALL_C_LIB -DALT_SINGLE_THREADED    -Os -g -Wall  -mno-hw-div -mno-hw-div -mno-hw-mul -mno-hw-mulx -mgpopt=global  -o "obj/default/hello_world_small.o" "hello_world_small.c"
hello_world_small.c:10:32: warning: character constant too long for its type
   10 | static unsigned PORT_7_SEGMENT='7b1111111';
      |                                ^~~~~~~~~~~
hello_world_small.c: In function 'timer_isr':
hello_world_small.c:30:56: warning: character constant too long for its type
   30 |                                         PORT_7_SEGMENT='7b10001000';
      |                                                        ^~~~~~~~~~~~
hello_world_small.c:35:57: warning: character constant too long for its type
   35 |                                          PORT_7_SEGMENT='7b10111110';
      |                                                         ^~~~~~~~~~~~
hello_world_small.c:40:57: warning: character constant too long for its type
   40 |                                          PORT_7_SEGMENT='7b00011001';
      |                                                         ^~~~~~~~~~~~
hello_world_small.c:45:57: warning: character constant too long for its type
   45 |                                          PORT_7_SEGMENT='7b00011100';
      |                                                         ^~~~~~~~~~~~
hello_world_small.c:50:57: warning: character constant too long for its type
   50 |                                          PORT_7_SEGMENT='7b00101110';
      |                                                         ^~~~~~~~~~~~
hello_world_small.c:55:57: warning: character constant too long for its type
   55 |                                          PORT_7_SEGMENT='7b01001100';
      |                                                         ^~~~~~~~~~~~
hello_world_small.c:60:57: warning: character constant too long for its type
   60 |                                          PORT_7_SEGMENT='7b01001000';
      |                                                         ^~~~~~~~~~~~
hello_world_small.c:65:57: warning: character constant too long for its type
   65 |                                          PORT_7_SEGMENT='7b10111100';
      |                                                         ^~~~~~~~~~~~
hello_world_small.c:70:57: warning: character constant too long for its type
   70 |                                          PORT_7_SEGMENT='7b00001000';
      |                                                         ^~~~~~~~~~~~
hello_world_small.c:75:57: warning: character constant too long for its type
   75 |                                          PORT_7_SEGMENT='7b00001100';
      |                                                         ^~~~~~~~~~~~
Info: Linking timer.elf
nios2-elf-g++.exe -T'c:/Users/ranma/Documents/GitHub/CE4303-Tarea-1/software/timer_bsp//linker.x' -msys-crt0='c:/Users/ranma/Documents/GitHub/CE4303-Tarea-1/software/timer_bsp//obj/HAL/src/crt0.o' -msys-lib=hal_bsp -Lc:/Users/ranma/Documents/GitHub/CE4303-Tarea-1/software/timer_bsp/ -msmallc  -Wl,-Map=timer.map   -Os -g -Wall  -mno-hw-div -mno-hw-div -mno-hw-mul -mno-hw-mulx -mgpopt=global  -o timer.elf obj/default/hello_world_small.o -lm -msys-lib=m
nios2-elf-insert.exe timer.elf --thread_model hal --cpu_name nios2_gen2_0 --qsys true --simulation_enabled false --stderr_dev none --stdin_dev none --stdout_dev none --sopc_system_name platform --quartus_project_dir "c:/Users/ranma/Documents/GitHub/CE4303-Tarea-1" --sopcinfo C:/Users/ranma/Documents/GitHub/CE4303-Tarea-1/platform.sopcinfo
Info: (timer.elf) 1492 Bytes program size (code + initialized data).
Info:             15 KBytes free for stack + heap.
Info: Creating timer.objdump
nios2-elf-objdump.exe --disassemble --syms --all-header --source timer.elf >timer.objdump
[timer build complete]

22:39:41 Build Finished (took 13s.521ms)

